[13:57:24] [ServerMain/INFO]: Environment: Environment[sessionHost=https://sessionserver.mojang.com, servicesHost=https://api.minecraftservices.com, name=PROD]
[13:57:26] [ServerMain/INFO]: Loaded 1290 recipes
[13:57:26] [ServerMain/INFO]: Loaded 1399 advancements
[13:57:27] [Server thread/INFO]: Starting minecraft server version 1.21.1
[13:57:27] [Server thread/INFO]: Loading properties
[13:57:27] [Server thread/INFO]: Default game type: SURVIVAL
[13:57:27] [Server thread/INFO]: Generating keypair
[13:57:27] [Server thread/INFO]: Starting Minecraft server on *:25565
[13:57:27] [Server thread/INFO]: Using default channel type
[13:57:27] [Server thread/INFO]: Preparing level "world"
[13:57:27] [Server thread/INFO]: Preparing start region for dimension minecraft:overworld
[13:57:28] [Worker-Main-7/INFO]: Preparing spawn area: 0%
[13:57:28] [Server thread/INFO]: Time elapsed: 306 ms
[13:57:28] [Server thread/INFO]: Done (0.997s)! For help, type "help"
[13:57:34] [User Authenticator #1/INFO]: UUID of player Arcelow is ca4d663c-3804-42f0-98fa-eb513aea8e94
[13:57:35] [Server thread/INFO]: Arcelow[/172.16.42.144:60831] logged in with entity id 8 at (282.6974529656624, 52.00022789153494, 95.65463326452296)
[13:57:35] [Server thread/INFO]: Arcelow joined the game
[13:57:50] [Server thread/INFO]: Arcelow lost connection: Disconnected
[13:57:50] [Server thread/INFO]: Arcelow left the game
[13:58:02] [Server thread/INFO]: Unknown or incomplete command, see below for error
[13:58:02] [Server thread/INFO]:                   stop<--[HERE]
[13:58:05] [Server thread/INFO]: Stopping the server
[13:58:05] [Server thread/INFO]: Stopping server
[13:58:05] [Server thread/INFO]: Saving players
[13:58:05] [Server thread/INFO]: Saving worlds
[13:58:05] [Server thread/INFO]: Saving chunks for level 'ServerLevel[world]'/minecraft:overworld
[13:58:05] [Server thread/INFO]: Saving chunks for level 'ServerLevel[world]'/minecraft:the_nether
[13:58:05] [Server thread/INFO]: Saving chunks for level 'ServerLevel[world]'/minecraft:the_end
[13:58:05] [Server thread/INFO]: ThreadedAnvilChunkStorage (world): All chunks are saved
[13:58:05] [Server thread/INFO]: ThreadedAnvilChunkStorage (DIM-1): All chunks are saved
[13:58:05] [Server thread/INFO]: ThreadedAnvilChunkStorage (DIM1): All chunks are saved
[13:58:05] [Server thread/INFO]: ThreadedAnvilChunkStorage: All dimensions are saved
